# JRE version: OpenJDK Runtime Environment (8.0_242) (build 1.8.0_242-release-1644-b3-6222593)
# Java VM: OpenJDK 64-Bit Server VM (25.242-b3-6222593 mixed mode linux-amd64 compressed oops)
Heap:
 PSYoungGen      total 429056K, used 146896K [0x00000000e0000000, 0x0000000100000000, 0x0000000100000000)
  eden space 390144K, 27% used [0x00000000e0000000,0x00000000e6976dd0,0x00000000f7d00000)
  from space 38912K, 99% used [0x00000000fd680000,0x00000000ffc7d4a0,0x00000000ffc80000)
  to   space 67072K, 0% used [0x00000000f7d00000,0x00000000f7d00000,0x00000000fbe80000)
 ParOldGen       total 535552K, used 289593K [0x00000000a0000000, 0x00000000c0b00000, 0x00000000e0000000)
  object space 535552K, 54% used [0x00000000a0000000,0x00000000b1ace758,0x00000000c0b00000)
 Metaspace       used 192428K, capacity 205680K, committed 206616K, reserved 1228800K
  class space    used 24621K, capacity 27064K, committed 27432K, reserved 1048576K
GC Heap History (10 events):
Event: 3994.859 GC heap before
{Heap before GC invocations=89 (full 7):
 PSYoungGen      total 480768K, used 6321K [0x00000000e0000000, 0x0000000100000000, 0x0000000100000000)
  eden space 436736K, 0% used [0x00000000e0000000,0x00000000e0000000,0x00000000faa80000)
  from space 44032K, 14% used [0x00000000fd500000,0x00000000fdb2c6b0,0x0000000100000000)
  to   space 43520K, 0% used [0x00000000faa80000,0x00000000faa80000,0x00000000fd500000)
 ParOldGen       total 501760K, used 500930K [0x00000000a0000000, 0x00000000bea00000, 0x00000000e0000000)
  object space 501760K, 99% used [0x00000000a0000000,0x00000000be9308b8,0x00000000bea00000)
 Metaspace       used 191645K, capacity 204892K, committed 205848K, reserved 1228800K
  class space    used 24581K, capacity 27044K, committed 27432K, reserved 1048576K
Event: 3995.447 GC heap after
Heap after GC invocations=89 (full 7):
 PSYoungGen      total 480768K, used 0K [0x00000000e0000000, 0x0000000100000000, 0x0000000100000000)
  eden space 436736K, 0% used [0x00000000e0000000,0x00000000e0000000,0x00000000faa80000)
  from space 44032K, 0% used [0x00000000fd500000,0x00000000fd500000,0x0000000100000000)
  to   space 43520K, 0% used [0x00000000faa80000,0x00000000faa80000,0x00000000fd500000)
 ParOldGen       total 535552K, used 219412K [0x00000000a0000000, 0x00000000c0b00000, 0x00000000e0000000)
  object space 535552K, 40% used [0x00000000a0000000,0x00000000ad645338,0x00000000c0b00000)
 Metaspace       used 191493K, capacity 204550K, committed 205848K, reserved 1228800K
  class space    used 24541K, capacity 26983K, committed 27432K, reserved 1048576K
}
Event: 3997.103 GC heap before
{Heap before GC invocations=90 (full 7):
 PSYoungGen      total 480768K, used 436736K [0x00000000e0000000, 0x0000000100000000, 0x0000000100000000)
  eden space 436736K, 100% used [0x00000000e0000000,0x00000000faa80000,0x00000000faa80000)
  from space 44032K, 0% used [0x00000000fd500000,0x00000000fd500000,0x0000000100000000)
  to   space 43520K, 0% used [0x00000000faa80000,0x00000000faa80000,0x00000000fd500000)
 ParOldGen       total 535552K, used 219412K [0x00000000a0000000, 0x00000000c0b00000, 0x00000000e0000000)
  object space 535552K, 40% used [0x00000000a0000000,0x00000000ad645338,0x00000000c0b00000)
 Metaspace       used 191589K, capacity 204712K, committed 205848K, reserved 1228800K
  class space    used 24548K, capacity 26991K, committed 27432K, reserved 1048576K
Event: 3997.125 GC heap after
Heap after GC invocations=90 (full 7):
 PSYoungGen      total 447488K, used 10561K [0x00000000e0000000, 0x00000000ffb80000, 0x0000000100000000)
  eden space 436736K, 0% used [0x00000000e0000000,0x00000000e0000000,0x00000000faa80000)
  from space 10752K, 98% used [0x00000000faa80000,0x00000000fb4d07b0,0x00000000fb500000)
  to   space 41472K, 0% used [0x00000000fd300000,0x00000000fd300000,0x00000000ffb80000)
 ParOldGen       total 535552K, used 219420K [0x00000000a0000000, 0x00000000c0b00000, 0x00000000e0000000)
  object space 535552K, 40% used [0x00000000a0000000,0x00000000ad647338,0x00000000c0b00000)
 Metaspace       used 191589K, capacity 204712K, committed 205848K, reserved 1228800K
  class space    used 24548K, capacity 26991K, committed 27432K, reserved 1048576K
}
Event: 3998.502 GC heap before
{Heap before GC invocations=91 (full 7):
 PSYoungGen      total 447488K, used 447297K [0x00000000e0000000, 0x00000000ffb80000, 0x0000000100000000)
  eden space 436736K, 100% used [0x00000000e0000000,0x00000000faa80000,0x00000000faa80000)
  from space 10752K, 98% used [0x00000000faa80000,0x00000000fb4d07b0,0x00000000fb500000)
  to   space 41472K, 0% used [0x00000000fd300000,0x00000000fd300000,0x00000000ffb80000)
 ParOldGen       total 535552K, used 219420K [0x00000000a0000000, 0x00000000c0b00000, 0x00000000e0000000)
  object space 535552K, 40% used [0x00000000a0000000,0x00000000ad647338,0x00000000c0b00000)
 Metaspace       used 191655K, capacity 204862K, committed 205848K, reserved 1228800K
  class space    used 24553K, capacity 26997K, committed 27432K, reserved 1048576K
Event: 3998.524 GC heap after
Heap after GC invocations=91 (full 7):
 PSYoungGen      total 479744K, used 10065K [0x00000000e0000000, 0x0000000100000000, 0x0000000100000000)
  eden space 438272K, 0% used [0x00000000e0000000,0x00000000e0000000,0x00000000fac00000)
  from space 41472K, 24% used [0x00000000fd300000,0x00000000fdcd4488,0x00000000ffb80000)
  to   space 39936K, 0% used [0x00000000fac00000,0x00000000fac00000,0x00000000fd300000)
 ParOldGen       total 535552K, used 225544K [0x00000000a0000000, 0x00000000c0b00000, 0x00000000e0000000)
  object space 535552K, 42% used [0x00000000a0000000,0x00000000adc42368,0x00000000c0b00000)
 Metaspace       used 191655K, capacity 204862K, committed 205848K, reserved 1228800K
  class space    used 24553K, capacity 26997K, committed 27432K, reserved 1048576K
}
Event: 3999.373 GC heap before
{Heap before GC invocations=92 (full 7):
 PSYoungGen      total 479744K, used 448337K [0x00000000e0000000, 0x0000000100000000, 0x0000000100000000)
  eden space 438272K, 100% used [0x00000000e0000000,0x00000000fac00000,0x00000000fac00000)
  from space 41472K, 24% used [0x00000000fd300000,0x00000000fdcd4488,0x00000000ffb80000)
  to   space 39936K, 0% used [0x00000000fac00000,0x00000000fac00000,0x00000000fd300000)
 ParOldGen       total 535552K, used 225544K [0x00000000a0000000, 0x00000000c0b00000, 0x00000000e0000000)
  object space 535552K, 42% used [0x00000000a0000000,0x00000000adc42368,0x00000000c0b00000)
 Metaspace       used 191844K, capacity 205042K, committed 206104K, reserved 1228800K
  class space    used 24566K, capacity 27005K, committed 27432K, reserved 1048576K
Event: 3999.393 GC heap after
Heap after GC invocations=92 (full 7):
 PSYoungGen      total 478208K, used 6976K [0x00000000e0000000, 0x00000000ffc80000, 0x0000000100000000)
  eden space 438272K, 0% used [0x00000000e0000000,0x00000000e0000000,0x00000000fac00000)
  from space 39936K, 17% used [0x00000000fac00000,0x00000000fb2d01f8,0x00000000fd300000)
  to   space 38912K, 0% used [0x00000000fd680000,0x00000000fd680000,0x00000000ffc80000)
 ParOldGen       total 535552K, used 231698K [0x00000000a0000000, 0x00000000c0b00000, 0x00000000e0000000)
  object space 535552K, 43% used [0x00000000a0000000,0x00000000ae244a10,0x00000000c0b00000)
 Metaspace       used 191844K, capacity 205042K, committed 206104K, reserved 1228800K
  class space    used 24566K, capacity 27005K, committed 27432K, reserved 1048576K
}
Event: 4002.402 GC heap before
{Heap before GC invocations=93 (full 7):
 PSYoungGen      total 478208K, used 445248K [0x00000000e0000000, 0x00000000ffc80000, 0x0000000100000000)
  eden space 438272K, 100% used [0x00000000e0000000,0x00000000fac00000,0x00000000fac00000)
  from space 39936K, 17% used [0x00000000fac00000,0x00000000fb2d01f8,0x00000000fd300000)
  to   space 38912K, 0% used [0x00000000fd680000,0x00000000fd680000,0x00000000ffc80000)
 ParOldGen       total 535552K, used 231698K [0x00000000a0000000, 0x00000000c0b00000, 0x00000000e0000000)
  object space 535552K, 43% used [0x00000000a0000000,0x00000000ae244a10,0x00000000c0b00000)
 Metaspace       used 192413K, capacity 205680K, committed 206616K, reserved 1228800K
  class space    used 24621K, capacity 27064K, committed 27432K, reserved 1048576K
Event: 4002.601 GC heap after
Heap after GC invocations=93 (full 7):
 PSYoungGen      total 429056K, used 38901K [0x00000000e0000000, 0x0000000100000000, 0x0000000100000000)
  eden space 390144K, 0% used [0x00000000e0000000,0x00000000e0000000,0x00000000f7d00000)
  from space 38912K, 99% used [0x00000000fd680000,0x00000000ffc7d4a0,0x00000000ffc80000)
  to   space 67072K, 0% used [0x00000000f7d00000,0x00000000f7d00000,0x00000000fbe80000)
 ParOldGen       total 535552K, used 289593K [0x00000000a0000000, 0x00000000c0b00000, 0x00000000e0000000)
  object space 535552K, 54% used [0x00000000a0000000,0x00000000b1ace758,0x00000000c0b00000)
 Metaspace       used 192413K, capacity 205680K, committed 206616K, reserved 1228800K
  class space    used 24621K, capacity 27064K, committed 27432K, reserved 1048576K
}

